mode: set
github.com/example/telemetry/config/config.go:33.20,58.2 2 0
github.com/example/telemetry/config/config.go:61.46,62.42 1 0
github.com/example/telemetry/config/config.go:62.42,64.3 1 0
github.com/example/telemetry/config/config.go:65.2,65.21 1 0
github.com/example/telemetry/config/config.go:69.50,70.42 1 0
github.com/example/telemetry/config/config.go:70.42,71.55 1 0
github.com/example/telemetry/config/config.go:71.55,73.4 1 0
github.com/example/telemetry/config/config.go:75.2,75.21 1 0
github.com/example/telemetry/internal/consistent_hash/consistent_hash.go:18.76,27.2 4 0
github.com/example/telemetry/internal/consistent_hash/consistent_hash.go:30.39,35.36 3 0
github.com/example/telemetry/internal/consistent_hash/consistent_hash.go:35.36,36.40 1 0
github.com/example/telemetry/internal/consistent_hash/consistent_hash.go:36.40,41.4 4 0
github.com/example/telemetry/internal/consistent_hash/consistent_hash.go:45.2,45.50 1 0
github.com/example/telemetry/internal/consistent_hash/consistent_hash.go:45.50,47.3 1 0
github.com/example/telemetry/internal/consistent_hash/consistent_hash.go:51.51,54.2 2 0
github.com/example/telemetry/internal/consistent_hash/consistent_hash.go:57.59,58.26 1 0
github.com/example/telemetry/internal/consistent_hash/consistent_hash.go:58.26,60.3 1 0
github.com/example/telemetry/internal/consistent_hash/consistent_hash.go:63.2,67.60 3 0
github.com/example/telemetry/internal/consistent_hash/consistent_hash.go:67.60,69.3 1 0
github.com/example/telemetry/internal/consistent_hash/consistent_hash.go:72.2,72.33 1 0
github.com/example/telemetry/internal/consistent_hash/consistent_hash.go:72.33,74.3 1 0
github.com/example/telemetry/internal/consistent_hash/consistent_hash.go:76.2,76.38 1 0
github.com/example/telemetry/internal/consistent_hash/consistent_hash.go:80.61,81.26 1 0
github.com/example/telemetry/internal/consistent_hash/consistent_hash.go:81.26,83.3 1 0
github.com/example/telemetry/internal/consistent_hash/consistent_hash.go:85.2,88.60 2 0
github.com/example/telemetry/internal/consistent_hash/consistent_hash.go:88.60,90.3 1 0
github.com/example/telemetry/internal/consistent_hash/consistent_hash.go:93.2,93.33 1 0
github.com/example/telemetry/internal/consistent_hash/consistent_hash.go:93.33,95.3 1 0
github.com/example/telemetry/internal/consistent_hash/consistent_hash.go:97.2,97.38 1 0
github.com/example/telemetry/internal/consistent_hash/consistent_hash.go:102.89,103.26 1 0
github.com/example/telemetry/internal/consistent_hash/consistent_hash.go:103.26,105.3 1 0
github.com/example/telemetry/internal/consistent_hash/consistent_hash.go:108.2,112.60 3 0
github.com/example/telemetry/internal/consistent_hash/consistent_hash.go:112.60,114.3 1 0
github.com/example/telemetry/internal/consistent_hash/consistent_hash.go:117.2,117.33 1 0
github.com/example/telemetry/internal/consistent_hash/consistent_hash.go:117.33,119.3 1 0
github.com/example/telemetry/internal/consistent_hash/consistent_hash.go:121.2,121.38 1 0
github.com/example/telemetry/internal/consistent_hash/consistent_hash.go:125.52,127.31 1 0
github.com/example/telemetry/internal/consistent_hash/consistent_hash.go:127.31,128.18 1 0
github.com/example/telemetry/internal/consistent_hash/consistent_hash.go:128.18,130.4 1 0
github.com/example/telemetry/internal/consistent_hash/consistent_hash.go:133.2,134.16 2 0
github.com/example/telemetry/internal/consistent_hash/consistent_hash.go:138.55,139.31 1 0
github.com/example/telemetry/internal/consistent_hash/consistent_hash.go:139.31,140.18 1 0
github.com/example/telemetry/internal/consistent_hash/consistent_hash.go:140.18,142.9 2 0
github.com/example/telemetry/internal/consistent_hash/consistent_hash.go:145.2,145.16 1 0
github.com/example/telemetry/internal/consistent_hash/consistent_hash.go:149.49,153.2 3 0
github.com/example/telemetry/internal/consistent_hash/consistent_hash.go:156.48,158.2 1 0
github.com/example/telemetry/internal/consistent_hash/consistent_hash.go:161.88,164.37 2 0
github.com/example/telemetry/internal/consistent_hash/consistent_hash.go:164.37,167.3 2 0
github.com/example/telemetry/internal/consistent_hash/consistent_hash.go:169.2,169.21 1 0
github.com/example/telemetry/internal/consistent_hash/consistent_hash.go:173.76,174.24 1 0
github.com/example/telemetry/internal/consistent_hash/consistent_hash.go:174.24,176.3 1 0
github.com/example/telemetry/internal/consistent_hash/consistent_hash.go:178.2,179.34 2 0
github.com/example/telemetry/internal/influx/influx.go:20.68,23.2 2 0
github.com/example/telemetry/internal/influx/influx.go:25.80,47.2 4 0
github.com/example/telemetry/internal/influx/influx.go:49.33,51.2 1 0
github.com/example/telemetry/internal/influx/influx.go:54.94,58.22 4 0
github.com/example/telemetry/internal/influx/influx.go:58.22,60.9 1 0
github.com/example/telemetry/internal/influx/influx.go:61.8,61.43 1 0
github.com/example/telemetry/internal/influx/influx.go:69.62,73.16 4 0
github.com/example/telemetry/internal/influx/influx.go:73.16,75.3 1 0
github.com/example/telemetry/internal/influx/influx.go:76.2,77.20 2 0
github.com/example/telemetry/internal/influx/influx.go:77.20,78.56 1 0
github.com/example/telemetry/internal/influx/influx.go:78.56,79.31 1 0
github.com/example/telemetry/internal/influx/influx.go:79.31,81.5 1 0
github.com/example/telemetry/internal/influx/influx.go:84.2,84.25 1 0
github.com/example/telemetry/internal/influx/influx.go:84.25,86.3 1 0
github.com/example/telemetry/internal/influx/influx.go:87.2,87.19 1 0
github.com/example/telemetry/internal/influx/influx.go:91.98,95.16 4 0
github.com/example/telemetry/internal/influx/influx.go:95.16,97.3 1 0
github.com/example/telemetry/internal/influx/influx.go:98.2,98.37 1 0
github.com/example/telemetry/internal/influx/influx.go:102.134,106.16 3 0
github.com/example/telemetry/internal/influx/influx.go:106.16,108.3 1 0
github.com/example/telemetry/internal/influx/influx.go:109.2,110.16 2 0
github.com/example/telemetry/internal/influx/influx.go:110.16,112.3 1 0
github.com/example/telemetry/internal/influx/influx.go:115.2,122.16 3 0
github.com/example/telemetry/internal/influx/influx.go:122.16,124.3 1 0
github.com/example/telemetry/internal/influx/influx.go:125.2,125.37 1 0
github.com/example/telemetry/internal/influx/influx.go:129.110,131.20 2 0
github.com/example/telemetry/internal/influx/influx.go:131.20,135.61 3 0
github.com/example/telemetry/internal/influx/influx.go:135.61,136.31 1 0
github.com/example/telemetry/internal/influx/influx.go:136.31,138.5 1 0
github.com/example/telemetry/internal/influx/influx.go:140.3,140.64 1 0
github.com/example/telemetry/internal/influx/influx.go:140.64,141.31 1 0
github.com/example/telemetry/internal/influx/influx.go:141.31,143.5 1 0
github.com/example/telemetry/internal/influx/influx.go:145.3,145.58 1 0
github.com/example/telemetry/internal/influx/influx.go:145.58,146.27 1 0
github.com/example/telemetry/internal/influx/influx.go:147.15,148.25 1 0
github.com/example/telemetry/internal/influx/influx.go:149.17,150.16 1 0
github.com/example/telemetry/internal/influx/influx.go:151.13,152.25 1 0
github.com/example/telemetry/internal/influx/influx.go:155.3,155.58 1 0
github.com/example/telemetry/internal/influx/influx.go:155.58,156.31 1 0
github.com/example/telemetry/internal/influx/influx.go:156.31,158.5 1 0
github.com/example/telemetry/internal/influx/influx.go:160.3,160.56 1 0
github.com/example/telemetry/internal/influx/influx.go:160.56,161.31 1 0
github.com/example/telemetry/internal/influx/influx.go:161.31,163.5 1 0
github.com/example/telemetry/internal/influx/influx.go:165.3,165.61 1 0
github.com/example/telemetry/internal/influx/influx.go:165.61,166.31 1 0
github.com/example/telemetry/internal/influx/influx.go:166.31,168.5 1 0
github.com/example/telemetry/internal/influx/influx.go:170.3,170.60 1 0
github.com/example/telemetry/internal/influx/influx.go:170.60,171.31 1 0
github.com/example/telemetry/internal/influx/influx.go:171.31,173.5 1 0
github.com/example/telemetry/internal/influx/influx.go:175.3,175.61 1 0
github.com/example/telemetry/internal/influx/influx.go:175.61,176.31 1 0
github.com/example/telemetry/internal/influx/influx.go:176.31,178.5 1 0
github.com/example/telemetry/internal/influx/influx.go:180.3,180.55 1 0
github.com/example/telemetry/internal/influx/influx.go:180.55,181.31 1 0
github.com/example/telemetry/internal/influx/influx.go:181.31,183.5 1 0
github.com/example/telemetry/internal/influx/influx.go:185.3,185.61 1 0
github.com/example/telemetry/internal/influx/influx.go:185.61,186.31 1 0
github.com/example/telemetry/internal/influx/influx.go:186.31,188.5 1 0
github.com/example/telemetry/internal/influx/influx.go:190.3,190.62 1 0
github.com/example/telemetry/internal/influx/influx.go:190.62,191.31 1 0
github.com/example/telemetry/internal/influx/influx.go:191.31,193.5 1 0
github.com/example/telemetry/internal/influx/influx.go:196.3,210.33 2 0
github.com/example/telemetry/internal/influx/influx.go:212.2,212.25 1 0
github.com/example/telemetry/internal/influx/influx.go:212.25,214.3 1 0
github.com/example/telemetry/internal/influx/influx.go:215.2,215.21 1 0
github.com/example/telemetry/internal/shared/http_message_queue.go:41.89,44.71 2 0
github.com/example/telemetry/internal/shared/http_message_queue.go:44.71,45.75 1 0
github.com/example/telemetry/internal/shared/http_message_queue.go:45.75,47.4 1 0
github.com/example/telemetry/internal/shared/http_message_queue.go:50.2,58.8 1 0
github.com/example/telemetry/internal/shared/http_message_queue.go:62.72,66.2 2 0
github.com/example/telemetry/internal/shared/http_message_queue.go:69.72,84.16 6 0
github.com/example/telemetry/internal/shared/http_message_queue.go:84.16,86.3 1 0
github.com/example/telemetry/internal/shared/http_message_queue.go:88.2,89.16 2 0
github.com/example/telemetry/internal/shared/http_message_queue.go:89.16,91.3 1 0
github.com/example/telemetry/internal/shared/http_message_queue.go:92.2,94.38 2 0
github.com/example/telemetry/internal/shared/http_message_queue.go:94.38,97.3 2 0
github.com/example/telemetry/internal/shared/http_message_queue.go:99.2,99.12 1 0
github.com/example/telemetry/internal/shared/http_message_queue.go:103.88,107.63 2 0
github.com/example/telemetry/internal/shared/http_message_queue.go:107.63,109.13 2 0
github.com/example/telemetry/internal/shared/http_message_queue.go:109.13,112.4 2 0
github.com/example/telemetry/internal/shared/http_message_queue.go:116.2,116.18 1 0
github.com/example/telemetry/internal/shared/http_message_queue.go:120.128,126.6 3 0
github.com/example/telemetry/internal/shared/http_message_queue.go:126.6,128.17 2 0
github.com/example/telemetry/internal/shared/http_message_queue.go:128.17,131.4 2 0
github.com/example/telemetry/internal/shared/http_message_queue.go:133.3,134.17 2 0
github.com/example/telemetry/internal/shared/http_message_queue.go:134.17,137.12 3 0
github.com/example/telemetry/internal/shared/http_message_queue.go:140.3,140.39 1 0
github.com/example/telemetry/internal/shared/http_message_queue.go:140.39,145.12 5 0
github.com/example/telemetry/internal/shared/http_message_queue.go:149.3,153.22 4 0
github.com/example/telemetry/internal/shared/http_message_queue.go:153.22,156.39 2 0
github.com/example/telemetry/internal/shared/http_message_queue.go:156.39,158.5 1 0
github.com/example/telemetry/internal/shared/http_message_queue.go:158.10,158.48 1 0
github.com/example/telemetry/internal/shared/http_message_queue.go:158.48,160.5 1 0
github.com/example/telemetry/internal/shared/http_message_queue.go:160.10,160.65 1 0
github.com/example/telemetry/internal/shared/http_message_queue.go:160.65,163.69 2 0
github.com/example/telemetry/internal/shared/http_message_queue.go:163.69,167.14 4 0
github.com/example/telemetry/internal/shared/http_message_queue.go:171.5,171.75 1 0
github.com/example/telemetry/internal/shared/http_message_queue.go:171.75,174.6 1 0
github.com/example/telemetry/internal/shared/http_message_queue.go:174.11,176.75 1 0
github.com/example/telemetry/internal/shared/http_message_queue.go:176.75,178.7 1 0
github.com/example/telemetry/internal/shared/http_message_queue.go:182.5,183.21 2 0
github.com/example/telemetry/internal/shared/http_message_queue.go:187.3,189.39 2 0
github.com/example/telemetry/internal/shared/http_message_queue.go:189.39,191.4 1 0
github.com/example/telemetry/internal/shared/http_message_queue.go:194.3,194.26 1 0
github.com/example/telemetry/internal/shared/http_message_queue.go:199.92,206.16 4 0
github.com/example/telemetry/internal/shared/http_message_queue.go:206.16,208.3 1 0
github.com/example/telemetry/internal/shared/http_message_queue.go:210.2,211.16 2 0
github.com/example/telemetry/internal/shared/http_message_queue.go:211.16,213.3 1 0
github.com/example/telemetry/internal/shared/http_message_queue.go:214.2,216.38 2 0
github.com/example/telemetry/internal/shared/http_message_queue.go:216.38,219.3 2 0
github.com/example/telemetry/internal/shared/http_message_queue.go:221.2,221.12 1 0
github.com/example/telemetry/internal/shared/http_message_queue.go:225.42,228.2 1 0
github.com/example/telemetry/internal/shared/http_message_queue.go:231.66,235.16 3 0
github.com/example/telemetry/internal/shared/http_message_queue.go:235.16,237.3 1 0
github.com/example/telemetry/internal/shared/http_message_queue.go:238.2,240.38 2 0
github.com/example/telemetry/internal/shared/http_message_queue.go:240.38,243.3 2 0
github.com/example/telemetry/internal/shared/http_message_queue.go:245.2,246.67 2 0
github.com/example/telemetry/internal/shared/http_message_queue.go:246.67,248.3 1 0
github.com/example/telemetry/internal/shared/http_message_queue.go:250.2,250.20 1 0
github.com/example/telemetry/internal/shared/redis_stream_queue.go:18.87,26.2 4 0
github.com/example/telemetry/internal/shared/redis_stream_queue.go:28.69,37.16 3 0
github.com/example/telemetry/internal/shared/redis_stream_queue.go:37.16,40.3 2 0
github.com/example/telemetry/internal/shared/redis_stream_queue.go:41.2,42.12 2 0
github.com/example/telemetry/internal/shared/redis_stream_queue.go:45.102,47.6 2 0
github.com/example/telemetry/internal/shared/redis_stream_queue.go:47.6,56.37 2 0
github.com/example/telemetry/internal/shared/redis_stream_queue.go:56.37,59.4 2 0
github.com/example/telemetry/internal/shared/redis_stream_queue.go:60.3,60.31 1 0
github.com/example/telemetry/internal/shared/redis_stream_queue.go:60.31,61.40 1 0
github.com/example/telemetry/internal/shared/redis_stream_queue.go:61.40,67.56 6 0
github.com/example/telemetry/internal/shared/redis_stream_queue.go:67.56,69.6 1 0
github.com/example/telemetry/internal/shared/redis_stream_queue.go:75.42,77.2 1 0
github.com/example/telemetry/internal/metrics/metrics.go:144.38,165.2 2 0
github.com/example/telemetry/internal/metrics/metrics.go:168.81,169.54 1 0
github.com/example/telemetry/internal/metrics/metrics.go:169.54,192.3 7 0
github.com/example/telemetry/internal/metrics/metrics.go:201.49,204.2 2 0
github.com/example/telemetry/internal/metrics/metrics.go:207.36,209.2 1 0
github.com/example/telemetry/internal/metrics/metrics.go:212.55,214.2 1 0
github.com/example/telemetry/internal/metrics/metrics.go:217.55,219.2 1 0
github.com/example/telemetry/internal/metrics/metrics.go:222.81,224.2 1 0
github.com/example/telemetry/internal/metrics/metrics.go:227.93,230.2 2 0
github.com/example/telemetry/internal/metrics/metrics.go:233.61,235.2 1 0
github.com/example/telemetry/internal/metrics/metrics.go:238.62,240.2 1 0
github.com/example/telemetry/internal/metrics/metrics.go:243.57,244.13 1 0
github.com/example/telemetry/internal/metrics/metrics.go:244.13,246.3 1 0
github.com/example/telemetry/internal/metrics/metrics.go:246.8,248.3 1 0
github.com/example/telemetry/services/api/docs/docs.go:293.13,295.2 1 0
github.com/example/telemetry/internal/telemetry/telemetry.go:25.54,27.2 1 0
github.com/example/telemetry/internal/security/auth.go:11.55,12.71 1 0
github.com/example/telemetry/internal/security/auth.go:12.71,24.34 1 0
github.com/example/telemetry/internal/security/auth.go:24.34,27.4 2 0
github.com/example/telemetry/internal/security/auth.go:29.3,30.19 2 0
github.com/example/telemetry/internal/security/auth.go:30.19,33.42 2 0
github.com/example/telemetry/internal/security/auth.go:33.42,35.5 1 0
github.com/example/telemetry/internal/security/auth.go:38.3,38.30 1 0
github.com/example/telemetry/internal/security/auth.go:38.30,41.4 2 0
github.com/example/telemetry/internal/security/auth.go:43.3,43.23 1 0
github.com/example/telemetry/internal/security/auth.go:48.41,50.20 2 0
github.com/example/telemetry/internal/security/auth.go:50.20,52.3 1 0
github.com/example/telemetry/internal/security/auth.go:55.2,55.74 1 0
github.com/example/telemetry/internal/security/auth.go:59.60,60.71 1 0
github.com/example/telemetry/internal/security/auth.go:60.71,62.57 1 0
github.com/example/telemetry/internal/security/auth.go:62.57,65.4 2 0
github.com/example/telemetry/internal/security/auth.go:67.3,68.42 2 0
github.com/example/telemetry/internal/security/auth.go:68.42,71.4 2 0
github.com/example/telemetry/internal/security/auth.go:73.3,73.23 1 0
github.com/example/telemetry/internal/security/auth.go:77.46,79.22 2 0
github.com/example/telemetry/internal/security/auth.go:79.22,81.3 1 0
github.com/example/telemetry/internal/security/auth.go:83.2,83.75 1 0
github.com/example/telemetry/internal/testutils/mocks/mocks.go:20.46,25.2 1 0
github.com/example/telemetry/internal/testutils/mocks/mocks.go:28.48,30.2 1 0
github.com/example/telemetry/internal/testutils/mocks/mocks.go:33.61,35.2 1 0
github.com/example/telemetry/internal/testutils/mocks/mocks.go:38.63,40.2 1 0
github.com/example/telemetry/internal/testutils/mocks/mocks.go:43.69,44.22 1 0
github.com/example/telemetry/internal/testutils/mocks/mocks.go:44.22,46.3 1 0
github.com/example/telemetry/internal/testutils/mocks/mocks.go:48.2,48.18 1 0
github.com/example/telemetry/internal/testutils/mocks/mocks.go:48.18,50.3 1 0
github.com/example/telemetry/internal/testutils/mocks/mocks.go:52.2,53.12 2 0
github.com/example/telemetry/internal/testutils/mocks/mocks.go:57.36,59.2 1 0
github.com/example/telemetry/internal/testutils/mocks/mocks.go:62.83,63.18 1 0
github.com/example/telemetry/internal/testutils/mocks/mocks.go:63.18,65.3 1 0
github.com/example/telemetry/internal/testutils/mocks/mocks.go:67.2,67.30 1 0
github.com/example/telemetry/internal/testutils/mocks/mocks.go:67.30,69.3 1 0
github.com/example/telemetry/internal/testutils/mocks/mocks.go:70.2,70.25 1 0
github.com/example/telemetry/internal/testutils/mocks/mocks.go:74.129,75.18 1 0
github.com/example/telemetry/internal/testutils/mocks/mocks.go:75.18,77.3 1 0
github.com/example/telemetry/internal/testutils/mocks/mocks.go:80.2,81.35 2 0
github.com/example/telemetry/internal/testutils/mocks/mocks.go:81.35,84.3 1 0
github.com/example/telemetry/internal/testutils/mocks/mocks.go:86.2,86.27 1 0
github.com/example/telemetry/internal/testutils/mocks/mocks.go:86.27,88.3 1 0
github.com/example/telemetry/internal/testutils/mocks/mocks.go:89.2,89.22 1 0
github.com/example/telemetry/internal/testutils/mocks/mocks.go:93.62,95.2 1 0
github.com/example/telemetry/internal/testutils/mocks/mocks.go:98.48,100.2 1 0
github.com/example/telemetry/internal/testutils/mocks/mocks.go:103.36,109.2 5 0
github.com/example/telemetry/internal/testutils/mocks/mocks.go:112.44,114.2 1 0
github.com/example/telemetry/internal/testutils/mocks/mocks.go:127.46,132.2 1 0
github.com/example/telemetry/internal/testutils/mocks/mocks.go:135.48,137.2 1 0
github.com/example/telemetry/internal/testutils/mocks/mocks.go:140.88,142.2 1 0
github.com/example/telemetry/internal/testutils/mocks/mocks.go:145.70,147.2 1 0
github.com/example/telemetry/internal/testutils/mocks/mocks.go:150.72,151.26 1 0
github.com/example/telemetry/internal/testutils/mocks/mocks.go:151.26,153.3 1 0
github.com/example/telemetry/internal/testutils/mocks/mocks.go:155.2,155.18 1 0
github.com/example/telemetry/internal/testutils/mocks/mocks.go:155.18,157.3 1 0
github.com/example/telemetry/internal/testutils/mocks/mocks.go:159.2,159.30 1 0
github.com/example/telemetry/internal/testutils/mocks/mocks.go:159.30,161.3 1 0
github.com/example/telemetry/internal/testutils/mocks/mocks.go:162.2,163.12 2 0
github.com/example/telemetry/internal/testutils/mocks/mocks.go:167.58,169.2 1 0
github.com/example/telemetry/internal/testutils/mocks/mocks.go:172.54,173.26 1 0
github.com/example/telemetry/internal/testutils/mocks/mocks.go:173.26,175.17 2 0
github.com/example/telemetry/internal/testutils/mocks/mocks.go:175.17,177.4 1 0
github.com/example/telemetry/internal/testutils/mocks/mocks.go:178.3,178.27 1 0
github.com/example/telemetry/internal/testutils/mocks/mocks.go:181.2,181.18 1 0
github.com/example/telemetry/internal/testutils/mocks/mocks.go:181.18,183.3 1 0
github.com/example/telemetry/internal/testutils/mocks/mocks.go:186.2,186.42 1 0
github.com/example/telemetry/internal/testutils/mocks/mocks.go:186.42,187.24 1 0
github.com/example/telemetry/internal/testutils/mocks/mocks.go:187.24,192.4 4 0
github.com/example/telemetry/internal/testutils/mocks/mocks.go:196.2,197.16 2 0
github.com/example/telemetry/internal/testutils/mocks/mocks.go:201.71,203.2 1 0
github.com/example/telemetry/internal/testutils/mocks/mocks.go:206.42,209.2 2 0
github.com/example/telemetry/internal/testutils/mocks/mocks.go:212.63,214.2 1 0
github.com/example/telemetry/internal/testutils/mocks/mocks.go:217.59,219.2 1 0
github.com/example/telemetry/internal/testutils/mocks/mocks.go:222.50,224.38 2 0
github.com/example/telemetry/internal/testutils/mocks/mocks.go:224.38,226.3 1 0
github.com/example/telemetry/internal/testutils/mocks/mocks.go:227.2,227.14 1 0
github.com/example/telemetry/internal/testutils/mocks/mocks.go:231.69,232.30 1 0
github.com/example/telemetry/internal/testutils/mocks/mocks.go:232.30,234.3 1 0
github.com/example/telemetry/internal/testutils/mocks/mocks.go:235.2,235.56 1 0
github.com/example/telemetry/internal/testutils/mocks/mocks.go:239.36,246.2 6 0
github.com/example/telemetry/internal/testutils/mocks/mocks.go:249.44,251.2 1 0
github.com/example/telemetry/internal/testutils/mocks/mocks.go:254.76,256.60 2 0
github.com/example/telemetry/internal/testutils/mocks/mocks.go:256.60,258.25 2 0
github.com/example/telemetry/internal/testutils/mocks/mocks.go:258.25,260.4 1 0
github.com/example/telemetry/internal/testutils/mocks/mocks.go:262.3,262.31 1 0
github.com/example/telemetry/internal/testutils/mocks/mocks.go:262.31,264.4 1 0
github.com/example/telemetry/internal/testutils/mocks/mocks.go:265.3,266.13 2 0
github.com/example/telemetry/internal/testutils/mocks/mocks.go:271.76,273.42 2 0
github.com/example/telemetry/internal/testutils/mocks/mocks.go:273.42,275.25 2 0
github.com/example/telemetry/internal/testutils/mocks/mocks.go:275.25,277.4 1 0
github.com/example/telemetry/internal/testutils/mocks/mocks.go:280.3,280.43 1 0
github.com/example/telemetry/internal/testutils/mocks/mocks.go:280.43,281.25 1 0
github.com/example/telemetry/internal/testutils/mocks/mocks.go:281.25,286.5 4 0
github.com/example/telemetry/internal/testutils/mocks/mocks.go:289.3,289.50 1 0
github.com/example/telemetry/internal/testutils/files.go:11.50,13.16 2 0
github.com/example/telemetry/internal/testutils/files.go:13.16,15.3 1 0
github.com/example/telemetry/internal/testutils/files.go:18.2,18.19 1 0
github.com/example/telemetry/internal/testutils/files.go:18.19,20.3 1 0
github.com/example/telemetry/internal/testutils/files.go:22.2,22.12 1 0
github.com/example/telemetry/internal/testutils/files.go:26.66,27.15 1 0
github.com/example/telemetry/internal/testutils/files.go:27.15,29.3 1 0
github.com/example/telemetry/internal/testutils/files.go:31.2,32.16 2 0
github.com/example/telemetry/internal/testutils/files.go:32.16,34.3 1 0
github.com/example/telemetry/internal/testutils/files.go:36.2,36.19 1 0
github.com/example/telemetry/internal/testutils/files.go:36.19,37.54 1 0
github.com/example/telemetry/internal/testutils/files.go:37.54,40.4 2 0
github.com/example/telemetry/internal/testutils/files.go:43.2,47.19 3 0
github.com/example/telemetry/internal/testutils/files.go:47.19,49.3 1 0
github.com/example/telemetry/internal/testutils/files.go:51.2,51.17 1 0
github.com/example/telemetry/internal/testutils/files.go:55.57,62.2 2 0
github.com/example/telemetry/internal/testutils/files.go:65.67,66.19 1 0
github.com/example/telemetry/internal/testutils/files.go:66.19,81.3 1 0
github.com/example/telemetry/internal/testutils/files.go:83.2,83.49 1 0
github.com/example/telemetry/internal/testutils/files.go:87.39,90.2 2 0
github.com/example/telemetry/internal/testutils/files.go:93.37,95.24 2 0
github.com/example/telemetry/internal/testutils/files.go:95.24,97.3 1 0
github.com/example/telemetry/internal/testutils/files.go:98.2,98.21 1 0
github.com/example/telemetry/internal/testutils/files.go:102.61,104.47 2 0
github.com/example/telemetry/internal/testutils/files.go:104.47,106.3 1 0
github.com/example/telemetry/internal/testutils/files.go:108.2,108.74 1 0
github.com/example/telemetry/internal/testutils/files.go:108.74,110.3 1 0
github.com/example/telemetry/internal/testutils/files.go:113.2,113.19 1 0
github.com/example/telemetry/internal/testutils/files.go:113.19,115.3 1 0
github.com/example/telemetry/internal/testutils/files.go:119.57,121.16 2 0
github.com/example/telemetry/internal/testutils/files.go:121.16,123.3 1 0
github.com/example/telemetry/internal/testutils/files.go:124.2,124.24 1 0
github.com/example/telemetry/internal/testutils/files.go:128.56,129.51 1 0
github.com/example/telemetry/internal/testutils/files.go:129.51,131.3 1 0
github.com/example/telemetry/internal/testutils/files.go:134.2,134.19 1 0
github.com/example/telemetry/internal/testutils/files.go:134.19,136.3 1 0
github.com/example/telemetry/internal/testutils/testutils.go:10.57,11.12 1 0
github.com/example/telemetry/internal/testutils/testutils.go:11.12,13.3 1 0
github.com/example/telemetry/internal/testutils/testutils.go:14.2,14.50 1 0
github.com/example/telemetry/internal/testutils/testutils.go:34.48,80.2 2 0
github.com/example/telemetry/internal/testutils/testutils.go:83.33,102.2 1 0
github.com/example/telemetry/internal/testutils/testutils.go:105.29,114.2 8 0
github.com/example/telemetry/internal/testutils/testutils.go:117.31,126.2 8 0
github.com/example/telemetry/internal/testutils/testutils.go:129.90,130.16 1 0
github.com/example/telemetry/internal/testutils/testutils.go:130.16,132.3 1 0
github.com/example/telemetry/internal/testutils/testutils.go:136.88,137.16 1 0
github.com/example/telemetry/internal/testutils/testutils.go:137.16,139.3 1 0
github.com/example/telemetry/internal/testutils/testutils.go:143.107,144.24 1 0
github.com/example/telemetry/internal/testutils/testutils.go:144.24,146.3 1 0
github.com/example/telemetry/internal/testutils/testutils.go:150.110,151.24 1 0
github.com/example/telemetry/internal/testutils/testutils.go:151.24,153.3 1 0
github.com/example/telemetry/internal/testutils/testutils.go:157.98,159.34 2 0
github.com/example/telemetry/internal/testutils/testutils.go:159.34,160.18 1 0
github.com/example/telemetry/internal/testutils/testutils.go:160.18,162.4 1 0
github.com/example/telemetry/internal/testutils/testutils.go:163.3,163.23 1 0
github.com/example/telemetry/internal/testutils/testutils.go:165.2,165.14 1 0
